This is pdfTeX, Version 3.14159265-2.6-1.40.19 (TeX Live 2018) (preloaded format=pdflatex 2018.11.1)  5 NOV 2018 14:59
entering extended mode
 restricted \write18 enabled.
 %&-line parsing enabled.
**collage.tex
(./collage.tex
LaTeX2e <2018-04-01> patch level 5
(/usr/local/texlive/2018/texmf-dist/tex/latex/standalone/standalone.cls
Document Class: standalone 2018/03/26 v1.3a Class to compile TeX sub-files stan
dalone
(/usr/local/texlive/2018/texmf-dist/tex/latex/tools/shellesc.sty
Package: shellesc 2016/06/07 v0.02a unified shell escape interface for LaTeX
Package shellesc Info: Restricted shell escape enabled on input line 69.
)
(/usr/local/texlive/2018/texmf-dist/tex/generic/oberdiek/ifluatex.sty
Package: ifluatex 2016/05/16 v1.4 Provides the ifluatex switch (HO)
Package ifluatex Info: LuaTeX not detected.
)
(/usr/local/texlive/2018/texmf-dist/tex/generic/oberdiek/ifpdf.sty
Package: ifpdf 2017/03/15 v3.2 Provides the ifpdf switch
)
(/usr/local/texlive/2018/texmf-dist/tex/generic/ifxetex/ifxetex.sty
Package: ifxetex 2010/09/12 v0.6 Provides ifxetex conditional
)
(/usr/local/texlive/2018/texmf-dist/tex/latex/xkeyval/xkeyval.sty
Package: xkeyval 2014/12/03 v2.7a package option processing (HA)

(/usr/local/texlive/2018/texmf-dist/tex/generic/xkeyval/xkeyval.tex
(/usr/local/texlive/2018/texmf-dist/tex/generic/xkeyval/xkvutils.tex
\XKV@toks=\toks14
\XKV@tempa@toks=\toks15

(/usr/local/texlive/2018/texmf-dist/tex/generic/xkeyval/keyval.tex))
\XKV@depth=\count80
File: xkeyval.tex 2014/12/03 v2.7a key=value parser (HA)
))
\sa@internal=\count81
\c@sapage=\count82

(/usr/local/texlive/2018/texmf-dist/tex/latex/standalone/standalone.cfg
File: standalone.cfg 2018/03/26 v1.3a Default configuration file for 'standalon
e' class
)
(/usr/local/texlive/2018/texmf-dist/tex/latex/base/article.cls
Document Class: article 2014/09/29 v1.4h Standard LaTeX document class
(/usr/local/texlive/2018/texmf-dist/tex/latex/base/size10.clo
File: size10.clo 2014/09/29 v1.4h Standard LaTeX file (size option)
)
\c@part=\count83
\c@section=\count84
\c@subsection=\count85
\c@subsubsection=\count86
\c@paragraph=\count87
\c@subparagraph=\count88
\c@figure=\count89
\c@table=\count90
\abovecaptionskip=\skip41
\belowcaptionskip=\skip42
\bibindent=\dimen102
)
\sa@box=\box26
)
(/usr/local/texlive/2018/texmf-dist/tex/latex/graphics/graphicx.sty
Package: graphicx 2017/06/01 v1.1a Enhanced LaTeX Graphics (DPC,SPQR)

(/usr/local/texlive/2018/texmf-dist/tex/latex/graphics/graphics.sty
Package: graphics 2017/06/25 v1.2c Standard LaTeX Graphics (DPC,SPQR)

(/usr/local/texlive/2018/texmf-dist/tex/latex/graphics/trig.sty
Package: trig 2016/01/03 v1.10 sin cos tan (DPC)
)
(/usr/local/texlive/2018/texmf-dist/tex/latex/graphics-cfg/graphics.cfg
File: graphics.cfg 2016/06/04 v1.11 sample graphics configuration
)
Package graphics Info: Driver file: pdftex.def on input line 99.

(/usr/local/texlive/2018/texmf-dist/tex/latex/graphics-def/pdftex.def
File: pdftex.def 2018/01/08 v1.0l Graphics/color driver for pdftex
))
\Gin@req@height=\dimen103
\Gin@req@width=\dimen104
)
(./collage.aux)
\openout1 = `collage.aux'.

LaTeX Font Info:    Checking defaults for OML/cmm/m/it on input line 5.
LaTeX Font Info:    ... okay on input line 5.
LaTeX Font Info:    Checking defaults for T1/cmr/m/n on input line 5.
LaTeX Font Info:    ... okay on input line 5.
LaTeX Font Info:    Checking defaults for OT1/cmr/m/n on input line 5.
LaTeX Font Info:    ... okay on input line 5.
LaTeX Font Info:    Checking defaults for OMS/cmsy/m/n on input line 5.
LaTeX Font Info:    ... okay on input line 5.
LaTeX Font Info:    Checking defaults for OMX/cmex/m/n on input line 5.
LaTeX Font Info:    ... okay on input line 5.
LaTeX Font Info:    Checking defaults for U/cmr/m/n on input line 5.
LaTeX Font Info:    ... okay on input line 5.

(/usr/local/texlive/2018/texmf-dist/tex/context/base/mkii/supp-pdf.mkii
[Loading MPS to PDF converter (version 2006.09.02).]
\scratchcounter=\count91
\scratchdimen=\dimen105
\scratchbox=\box27
\nofMPsegments=\count92
\nofMParguments=\count93
\everyMPshowfont=\toks16
\MPscratchCnt=\count94
\MPscratchDim=\dimen106
\MPnumerator=\count95
\makeMPintoPDFobject=\count96
\everyMPtoPDFconversion=\toks17
) (/usr/local/texlive/2018/texmf-dist/tex/latex/oberdiek/epstopdf-base.sty
Package: epstopdf-base 2016/05/15 v2.6 Base part for package epstopdf

(/usr/local/texlive/2018/texmf-dist/tex/generic/oberdiek/infwarerr.sty
Package: infwarerr 2016/05/16 v1.4 Providing info/warning/error messages (HO)
)
(/usr/local/texlive/2018/texmf-dist/tex/latex/oberdiek/grfext.sty
Package: grfext 2016/05/16 v1.2 Manage graphics extensions (HO)

(/usr/local/texlive/2018/texmf-dist/tex/generic/oberdiek/kvdefinekeys.sty
Package: kvdefinekeys 2016/05/16 v1.4 Define keys (HO)

(/usr/local/texlive/2018/texmf-dist/tex/generic/oberdiek/ltxcmds.sty
Package: ltxcmds 2016/05/16 v1.23 LaTeX kernel commands for general use (HO)
)))
(/usr/local/texlive/2018/texmf-dist/tex/latex/oberdiek/kvoptions.sty
Package: kvoptions 2016/05/16 v3.12 Key value format for package options (HO)

(/usr/local/texlive/2018/texmf-dist/tex/generic/oberdiek/kvsetkeys.sty
Package: kvsetkeys 2016/05/16 v1.17 Key value parser (HO)

(/usr/local/texlive/2018/texmf-dist/tex/generic/oberdiek/etexcmds.sty
Package: etexcmds 2016/05/16 v1.6 Avoid name clashes with e-TeX commands (HO)
Package etexcmds Info: Could not find \expanded.
(etexcmds)             That can mean that you are not using pdfTeX 1.50 or
(etexcmds)             that some package has redefined \expanded.
(etexcmds)             In the latter case, load this package earlier.
)))
(/usr/local/texlive/2018/texmf-dist/tex/generic/oberdiek/pdftexcmds.sty
Package: pdftexcmds 2018/01/30 v0.27 Utility functions of pdfTeX for LuaTeX (HO
)
Package pdftexcmds Info: LuaTeX not detected.
Package pdftexcmds Info: \pdf@primitive is available.
Package pdftexcmds Info: \pdf@ifprimitive is available.
Package pdftexcmds Info: \pdfdraftmode found.
)
Package epstopdf-base Info: Redefining graphics rule for `.eps' on input line 4
38.
Package grfext Info: Graphics extension search list:
(grfext)             [.pdf,.png,.jpg,.mps,.jpeg,.jbig2,.jb2,.PDF,.PNG,.JPG,.JPE
G,.JBIG2,.JB2,.eps]
(grfext)             \AppendGraphicsExtensions on input line 456.

(/usr/local/texlive/2018/texmf-dist/tex/latex/latexconfig/epstopdf-sys.cfg
File: epstopdf-sys.cfg 2010/07/13 v1.3 Configuration of (r)epstopdf for TeX Liv
e
))
LaTeX Font Info:    External font `cmex10' loaded for size
(Font)              <9> on input line 8.
LaTeX Font Info:    External font `cmex10' loaded for size
(Font)              <6> on input line 8.
LaTeX Font Info:    External font `cmex10' loaded for size
(Font)              <5> on input line 8.
Package epstopdf Info: Source file: <2009_09.eps>
(epstopdf)                    date: 2018-11-05 14:59:42
(epstopdf)                    size: 119884 bytes
(epstopdf)             Output file: <2009_09-eps-converted-to.pdf>
(epstopdf)                    date: 2018-11-05 14:59:50
(epstopdf)                    size: 43170 bytes
(epstopdf)             Command: <repstopdf --outfile=2009_09-eps-converted-to.p
df 2009_09.eps>
(epstopdf)             \includegraphics on input line 9.
Package epstopdf Info: Output file is already uptodate.


pdfTeX warning: pdflatex (file ./2009_09-eps-converted-to.pdf): PDF inclusion: 
found PDF version <1.7>, but at most version <1.5> allowed
<2009_09-eps-converted-to.pdf, id=1, 408.52625pt x 414.54875pt>
File: 2009_09-eps-converted-to.pdf Graphic file (type pdf)
<use 2009_09-eps-converted-to.pdf>
Package pdftex.def Info: 2009_09-eps-converted-to.pdf  used on input line 9.
(pdftex.def)             Requested size: 103.50105pt x 105.0222pt.
Package epstopdf Info: Source file: <2010_09.eps>
(epstopdf)                    date: 2018-11-05 14:59:43
(epstopdf)                    size: 115110 bytes
(epstopdf)             Output file: <2010_09-eps-converted-to.pdf>
(epstopdf)                    date: 2018-11-05 14:59:51
(epstopdf)                    size: 45298 bytes
(epstopdf)             Command: <repstopdf --outfile=2010_09-eps-converted-to.p
df 2010_09.eps>
(epstopdf)             \includegraphics on input line 10.
Package epstopdf Info: Output file is already uptodate.


pdfTeX warning: pdflatex (file ./2010_09-eps-converted-to.pdf): PDF inclusion: 
found PDF version <1.7>, but at most version <1.5> allowed
<2010_09-eps-converted-to.pdf, id=2, 408.52625pt x 414.54875pt>
File: 2010_09-eps-converted-to.pdf Graphic file (type pdf)
<use 2010_09-eps-converted-to.pdf>
Package pdftex.def Info: 2010_09-eps-converted-to.pdf  used on input line 10.
(pdftex.def)             Requested size: 103.50105pt x 105.0222pt.
Package epstopdf Info: Source file: <2011_09.eps>
(epstopdf)                    date: 2018-11-05 14:59:44
(epstopdf)                    size: 119688 bytes
(epstopdf)             Output file: <2011_09-eps-converted-to.pdf>
(epstopdf)                    date: 2018-11-05 14:59:51
(epstopdf)                    size: 42676 bytes
(epstopdf)             Command: <repstopdf --outfile=2011_09-eps-converted-to.p
df 2011_09.eps>
(epstopdf)             \includegraphics on input line 11.
Package epstopdf Info: Output file is already uptodate.


pdfTeX warning: pdflatex (file ./2011_09-eps-converted-to.pdf): PDF inclusion: 
found PDF version <1.7>, but at most version <1.5> allowed
<2011_09-eps-converted-to.pdf, id=3, 408.52625pt x 414.54875pt>
File: 2011_09-eps-converted-to.pdf Graphic file (type pdf)
<use 2011_09-eps-converted-to.pdf>
Package pdftex.def Info: 2011_09-eps-converted-to.pdf  used on input line 11.
(pdftex.def)             Requested size: 103.50105pt x 105.0222pt.
Package epstopdf Info: Source file: <2012_09.eps>
(epstopdf)                    date: 2018-11-05 14:59:46
(epstopdf)                    size: 120887 bytes
(epstopdf)             Output file: <2012_09-eps-converted-to.pdf>
(epstopdf)                    date: 2018-11-05 14:59:51
(epstopdf)                    size: 41807 bytes
(epstopdf)             Command: <repstopdf --outfile=2012_09-eps-converted-to.p
df 2012_09.eps>
(epstopdf)             \includegraphics on input line 13.
Package epstopdf Info: Output file is already uptodate.


pdfTeX warning: pdflatex (file ./2012_09-eps-converted-to.pdf): PDF inclusion: 
found PDF version <1.7>, but at most version <1.5> allowed
<2012_09-eps-converted-to.pdf, id=4, 408.52625pt x 414.54875pt>
File: 2012_09-eps-converted-to.pdf Graphic file (type pdf)
<use 2012_09-eps-converted-to.pdf>
Package pdftex.def Info: 2012_09-eps-converted-to.pdf  used on input line 13.
(pdftex.def)             Requested size: 103.50105pt x 105.0222pt.
Package epstopdf Info: Source file: <2013_09.eps>
(epstopdf)                    date: 2018-11-05 14:59:47
(epstopdf)                    size: 121230 bytes
(epstopdf)             Output file: <2013_09-eps-converted-to.pdf>
(epstopdf)                    date: 2018-11-05 14:59:52
(epstopdf)                    size: 47036 bytes
(epstopdf)             Command: <repstopdf --outfile=2013_09-eps-converted-to.p
df 2013_09.eps>
(epstopdf)             \includegraphics on input line 14.
Package epstopdf Info: Output file is already uptodate.


pdfTeX warning: pdflatex (file ./2013_09-eps-converted-to.pdf): PDF inclusion: 
found PDF version <1.7>, but at most version <1.5> allowed
<2013_09-eps-converted-to.pdf, id=5, 408.52625pt x 414.54875pt>
File: 2013_09-eps-converted-to.pdf Graphic file (type pdf)
<use 2013_09-eps-converted-to.pdf>
Package pdftex.def Info: 2013_09-eps-converted-to.pdf  used on input line 14.
(pdftex.def)             Requested size: 103.50105pt x 105.0222pt.
Package epstopdf Info: Source file: <2014_09.eps>
(epstopdf)                    date: 2018-11-05 14:59:48
(epstopdf)                    size: 121231 bytes
(epstopdf)             Output file: <2014_09-eps-converted-to.pdf>
(epstopdf)                    date: 2018-11-05 14:59:52
(epstopdf)                    size: 46235 bytes
(epstopdf)             Command: <repstopdf --outfile=2014_09-eps-converted-to.p
df 2014_09.eps>
(epstopdf)             \includegraphics on input line 15.
Package epstopdf Info: Output file is already uptodate.


pdfTeX warning: pdflatex (file ./2014_09-eps-converted-to.pdf): PDF inclusion: 
found PDF version <1.7>, but at most version <1.5> allowed
<2014_09-eps-converted-to.pdf, id=6, 408.52625pt x 414.54875pt>
File: 2014_09-eps-converted-to.pdf Graphic file (type pdf)
<use 2014_09-eps-converted-to.pdf>
Package pdftex.def Info: 2014_09-eps-converted-to.pdf  used on input line 15.
(pdftex.def)             Requested size: 103.50105pt x 105.0222pt.
[1

{/usr/local/texlive/2018/texmf-var/fonts/map/pdftex/updmap/pdftex.map} <./2009_
09-eps-converted-to.pdf> <./2010_09-eps-converted-to.pdf> <./2011_09-eps-conver
ted-to.pdf> <./2012_09-eps-converted-to.pdf> <./2013_09-eps-converted-to.pdf> <
./2014_09-eps-converted-to.pdf>] (./collage.aux) ) 
Here is how much of TeX's memory you used:
 1908 strings out of 492646
 29740 string characters out of 6129548
 92052 words of memory out of 5000000
 5768 multiletter control sequences out of 15000+600000
 5463 words of font info for 20 fonts, out of 8000000 for 9000
 1141 hyphenation exceptions out of 8191
 39i,12n,56p,233b,310s stack positions out of 5000i,500n,10000p,200000b,80000s
</usr/local/texlive/2018/texm
f-dist/fonts/type1/public/amsfonts/cm/cmr9.pfb>
Output written on collage.pdf (1 page, 260866 bytes).
PDF statistics:
 60 PDF objects out of 1000 (max. 8388607)
 37 compressed objects within 1 object stream
 0 named destinations out of 1000 (max. 500000)
 31 words of extra memory for PDF output out of 10000 (max. 10000000)

